2022-08-18 13:27:10,679 INFO o.a.j.u.JMeterUtils: Setting Locale to en_EN
2022-08-18 13:27:10,715 INFO o.a.j.JMeter: Loading user properties from: C:\Users\002YHZ744\Documents\Full Stack Tester Training\00.Softwares\Module2\apache-jmeter-5.5\apache-jmeter-5.5\bin\user.properties
2022-08-18 13:27:10,717 INFO o.a.j.JMeter: Loading system properties from: C:\Users\002YHZ744\Documents\Full Stack Tester Training\00.Softwares\Module2\apache-jmeter-5.5\apache-jmeter-5.5\bin\system.properties
2022-08-18 13:27:10,728 INFO o.a.j.JMeter: Copyright (c) 1998-2022 The Apache Software Foundation
2022-08-18 13:27:10,728 INFO o.a.j.JMeter: Version 5.5
2022-08-18 13:27:10,728 INFO o.a.j.JMeter: java.version=17.0.2
2022-08-18 13:27:10,728 INFO o.a.j.JMeter: java.vm.name=Java HotSpot(TM) 64-Bit Server VM
2022-08-18 13:27:10,728 INFO o.a.j.JMeter: os.name=Windows 10
2022-08-18 13:27:10,730 INFO o.a.j.JMeter: os.arch=amd64
2022-08-18 13:27:10,730 INFO o.a.j.JMeter: os.version=10.0
2022-08-18 13:27:10,730 INFO o.a.j.JMeter: file.encoding=Cp1252
2022-08-18 13:27:10,730 INFO o.a.j.JMeter: java.awt.headless=true
2022-08-18 13:27:10,730 INFO o.a.j.JMeter: Max memory     =1073741824
2022-08-18 13:27:10,730 INFO o.a.j.JMeter: Available Processors =8
2022-08-18 13:27:10,740 INFO o.a.j.JMeter: Default Locale=English (EN)
2022-08-18 13:27:10,741 INFO o.a.j.JMeter: JMeter  Locale=English (EN)
2022-08-18 13:27:10,741 INFO o.a.j.JMeter: JMeterHome=C:\Users\002YHZ744\Documents\Full Stack Tester Training\00.Softwares\Module2\apache-jmeter-5.5\apache-jmeter-5.5
2022-08-18 13:27:10,741 INFO o.a.j.JMeter: user.dir  =C:\Users\002YHZ744\Documents\Full Stack Tester Training\Test
2022-08-18 13:27:10,742 INFO o.a.j.JMeter: PWD       =C:\Users\002YHZ744\Documents\Full Stack Tester Training\Test
2022-08-18 13:27:15,262 INFO o.a.j.JMeter: IP: 192.168.1.4 Name: IN002YHZ FullName: IN002YHZ.in.ibm.com
2022-08-18 13:27:15,271 INFO o.a.j.JMeter: Setting property 'jmeter.reportgenerator.outputdir' to:'C:\Users\002YHZ744\Documents\Full Stack Tester Training\Test\assigment_report'
2022-08-18 13:27:15,276 INFO o.a.j.r.d.ReportGenerator: ReportGenerator will use for Parsing the separator: ','
2022-08-18 13:27:15,277 INFO o.a.j.r.d.ReportGenerator: Will only generate report from results file: reportassignment.jtl
2022-08-18 13:27:15,277 INFO o.a.j.r.d.ReportGenerator: Reading report generator properties from: C:\Users\002YHZ744\Documents\Full Stack Tester Training\00.Softwares\Module2\apache-jmeter-5.5\apache-jmeter-5.5\bin\reportgenerator.properties
2022-08-18 13:27:15,288 INFO o.a.j.r.d.ReportGenerator: Merging with JMeter properties
2022-08-18 13:27:15,294 INFO o.a.j.r.c.ReportGeneratorConfiguration: Property 'jmeter.reportgenerator.temp_dir' not found, using default value 'temp' instead.
2022-08-18 13:27:15,298 INFO o.a.j.r.c.ReportGeneratorConfiguration: Property 'jmeter.reportgenerator.apdex_per_transaction' not found, using default value 'null' instead.
2022-08-18 13:27:15,304 INFO o.a.j.r.c.ReportGeneratorConfiguration: apdex_per_transaction is empty, not APDEX per transaction customization
2022-08-18 13:27:15,304 INFO o.a.j.r.c.ReportGeneratorConfiguration: Property 'jmeter.reportgenerator.sample_filter' not found, using default value 'null' instead.
2022-08-18 13:27:15,304 INFO o.a.j.r.c.ReportGeneratorConfiguration: Property 'jmeter.reportgenerator.report_title' not found, using default value 'null' instead.
2022-08-18 13:27:15,304 INFO o.a.j.r.c.ReportGeneratorConfiguration: Property 'jmeter.reportgenerator.start_date' not found, using default value 'null' instead.
2022-08-18 13:27:15,304 INFO o.a.j.r.c.ReportGeneratorConfiguration: Property 'jmeter.reportgenerator.end_date' not found, using default value 'null' instead.
2022-08-18 13:27:15,304 INFO o.a.j.r.c.ReportGeneratorConfiguration: Property 'jmeter.reportgenerator.date_format' not found, using default value 'null' instead.
2022-08-18 13:27:15,309 INFO o.a.j.r.c.ReportGeneratorConfiguration: Will use date range start date: null, end date: null
2022-08-18 13:27:15,315 INFO o.a.j.r.c.ReportGeneratorConfiguration: Property 'jmeter.reportgenerator.graph.totalTPS.exclude_controllers' not found, using default value 'false' instead.
2022-08-18 13:27:15,315 INFO o.a.j.r.c.ReportGeneratorConfiguration: Property 'jmeter.reportgenerator.graph.activeThreadsOverTime.exclude_controllers' not found, using default value 'false' instead.
2022-08-18 13:27:15,315 INFO o.a.j.r.c.ReportGeneratorConfiguration: Property 'jmeter.reportgenerator.graph.timeVsThreads.exclude_controllers' not found, using default value 'false' instead.
2022-08-18 13:27:15,315 INFO o.a.j.r.c.ReportGeneratorConfiguration: Property 'jmeter.reportgenerator.graph.responseTimeDistribution.exclude_controllers' not found, using default value 'false' instead.
2022-08-18 13:27:15,315 INFO o.a.j.r.c.ReportGeneratorConfiguration: Property 'jmeter.reportgenerator.graph.transactionsPerSecond.exclude_controllers' not found, using default value 'false' instead.
2022-08-18 13:27:15,316 INFO o.a.j.r.c.ReportGeneratorConfiguration: Property 'jmeter.reportgenerator.graph.responseTimePercentiles.exclude_controllers' not found, using default value 'false' instead.
2022-08-18 13:27:15,316 INFO o.a.j.r.c.ReportGeneratorConfiguration: Property 'jmeter.reportgenerator.graph.responseTimePercentilesOverTime.exclude_controllers' not found, using default value 'false' instead.
2022-08-18 13:27:15,316 INFO o.a.j.r.c.ReportGeneratorConfiguration: Property 'jmeter.reportgenerator.graph.responseTimesOverTime.exclude_controllers' not found, using default value 'false' instead.
2022-08-18 13:27:15,316 INFO o.a.j.r.c.ReportGeneratorConfiguration: Property 'jmeter.reportgenerator.graph.connectTimeOverTime.exclude_controllers' not found, using default value 'false' instead.
2022-08-18 13:27:15,316 INFO o.a.j.r.c.ReportGeneratorConfiguration: Property 'jmeter.reportgenerator.graph.latenciesOverTime.exclude_controllers' not found, using default value 'false' instead.
2022-08-18 13:27:15,318 INFO o.a.j.r.c.ReportGeneratorConfiguration: Property 'jmeter.reportgenerator.exporter.json.filters_only_sample_series' not found, using default value 'true' instead.
2022-08-18 13:27:15,318 INFO o.a.j.r.c.ReportGeneratorConfiguration: Property 'jmeter.reportgenerator.exporter.json.series_filter' not found, using default value '' instead.
2022-08-18 13:27:15,318 INFO o.a.j.r.c.ReportGeneratorConfiguration: Property 'jmeter.reportgenerator.exporter.json.show_controllers_only' not found, using default value 'false' instead.
2022-08-18 13:27:15,318 INFO o.a.j.r.c.ReportGeneratorConfiguration: Property 'jmeter.reportgenerator.exporter.html.filters_only_sample_series' not found, using default value 'true' instead.
2022-08-18 13:27:15,319 INFO o.a.j.r.c.ReportGeneratorConfiguration: Property 'jmeter.reportgenerator.exporter.html.series_filter' not found, using default value '' instead.
2022-08-18 13:27:15,319 INFO o.a.j.r.c.ReportGeneratorConfiguration: Property 'jmeter.reportgenerator.exporter.html.show_controllers_only' not found, using default value 'false' instead.
2022-08-18 13:27:15,509 INFO o.a.j.s.SaveService: Testplan (JMX) version: 2.2. Testlog (JTL) version: 2.2
2022-08-18 13:27:15,541 INFO o.a.j.s.SaveService: Using SaveService properties version 5.0
2022-08-18 13:27:15,545 INFO o.a.j.s.SaveService: Using SaveService properties file encoding UTF-8
2022-08-18 13:27:15,571 INFO o.a.j.r.p.NormalizerSampleConsumer: Using format, 'ms', to parse timeStamp field
2022-08-18 13:27:15,993 INFO o.a.j.r.p.AbstractSampleConsumer: class org.apache.jmeter.report.processor.AggregateConsumer#stopProducing(): beginDate produced 0 samples
2022-08-18 13:27:15,993 INFO o.a.j.r.p.AbstractSampleConsumer: class org.apache.jmeter.report.processor.AggregateConsumer#stopProducing(): endDate produced 0 samples
2022-08-18 13:27:15,997 INFO o.a.j.r.p.AbstractSampleConsumer: class org.apache.jmeter.report.processor.ApdexSummaryConsumer#stopProducing(): apdexSummary produced 0 samples
2022-08-18 13:27:15,997 INFO o.a.j.r.p.AbstractSampleConsumer: class org.apache.jmeter.report.processor.RequestsSummaryConsumer#stopProducing(): requestsSummary produced 0 samples
2022-08-18 13:27:16,014 INFO o.a.j.r.p.AbstractSampleConsumer: class org.apache.jmeter.report.processor.StatisticsSummaryConsumer#stopProducing(): statisticsSummary produced 0 samples
2022-08-18 13:27:16,019 INFO o.a.j.r.p.AbstractSampleConsumer: class org.apache.jmeter.report.processor.Top5ErrorsBySamplerConsumer#stopProducing(): top5ErrorsBySampler produced 0 samples
2022-08-18 13:27:16,019 INFO o.a.j.r.p.AbstractSampleConsumer: class org.apache.jmeter.report.processor.ErrorsSummaryConsumer#stopProducing(): errorsSummary produced 0 samples
2022-08-18 13:27:16,019 INFO o.a.j.r.p.AbstractSampleConsumer: class org.apache.jmeter.report.processor.graph.impl.HitsPerSecondGraphConsumer#stopProducing(): hitsPerSecond produced 0 samples
2022-08-18 13:27:16,045 INFO o.a.j.r.p.AbstractSampleConsumer: class org.apache.jmeter.report.processor.graph.impl.LatencyVSRequestGraphConsumer#stopProducing(): latencyVsRequest produced 0 samples
2022-08-18 13:27:16,046 INFO o.a.j.r.p.AbstractSampleConsumer: class org.apache.jmeter.report.processor.graph.impl.SyntheticResponseTimeDistributionGraphConsumer#stopProducing(): syntheticResponseTimeDistribution produced 0 samples
2022-08-18 13:27:16,047 INFO o.a.j.r.p.AbstractSampleConsumer: class org.apache.jmeter.report.processor.graph.impl.BytesThroughputGraphConsumer#stopProducing(): bytesThroughputOverTime produced 0 samples
2022-08-18 13:27:16,047 INFO o.a.j.r.p.AbstractSampleConsumer: class org.apache.jmeter.report.processor.graph.impl.CodesPerSecondGraphConsumer#stopProducing(): codesPerSecond produced 0 samples
2022-08-18 13:27:16,063 INFO o.a.j.r.p.AbstractSampleConsumer: class org.apache.jmeter.report.processor.graph.impl.ResponseTimeVSRequestGraphConsumer#stopProducing(): responseTimeVsRequest produced 0 samples
2022-08-18 13:27:16,063 INFO o.a.j.r.p.AbstractSampleConsumer: class org.apache.jmeter.report.processor.FilterConsumer#stopProducing(): startIntervalControlerFilter produced 2387 samples
2022-08-18 13:27:16,063 INFO o.a.j.r.p.AbstractSampleConsumer: class org.apache.jmeter.report.processor.graph.impl.TotalTPSGraphConsumer#stopProducing(): totalTPS produced 0 samples
2022-08-18 13:27:16,063 INFO o.a.j.r.p.AbstractSampleConsumer: class org.apache.jmeter.report.processor.graph.impl.ActiveThreadsGraphConsumer#stopProducing(): activeThreadsOverTime produced 0 samples
2022-08-18 13:27:16,063 INFO o.a.j.r.p.AbstractSampleConsumer: class org.apache.jmeter.report.processor.graph.impl.TimeVSThreadGraphConsumer#stopProducing(): timeVsThreads produced 0 samples
2022-08-18 13:27:16,100 INFO o.a.j.r.p.AbstractSampleConsumer: class org.apache.jmeter.report.processor.graph.impl.ResponseTimeDistributionGraphConsumer#stopProducing(): responseTimeDistribution produced 0 samples
2022-08-18 13:27:16,104 INFO o.a.j.r.p.AbstractSampleConsumer: class org.apache.jmeter.report.processor.graph.impl.TransactionsPerSecondGraphConsumer#stopProducing(): transactionsPerSecond produced 0 samples
2022-08-18 13:27:16,108 INFO o.a.j.r.p.AbstractSampleConsumer: class org.apache.jmeter.report.processor.graph.impl.ResponseTimePercentilesGraphConsumer#stopProducing(): responseTimePercentiles produced 0 samples
2022-08-18 13:27:16,179 INFO o.a.j.r.p.AbstractSampleConsumer: class org.apache.jmeter.report.processor.graph.impl.ResponseTimePercentilesOverTimeGraphConsumer#stopProducing(): responseTimePercentilesOverTime produced 0 samples
2022-08-18 13:27:16,180 INFO o.a.j.r.p.AbstractSampleConsumer: class org.apache.jmeter.report.processor.graph.impl.ResponseTimeOverTimeGraphConsumer#stopProducing(): responseTimesOverTime produced 0 samples
2022-08-18 13:27:16,184 INFO o.a.j.r.p.AbstractSampleConsumer: class org.apache.jmeter.report.processor.graph.impl.ConnectTimeOverTimeGraphConsumer#stopProducing(): connectTimeOverTime produced 0 samples
2022-08-18 13:27:16,188 INFO o.a.j.r.p.AbstractSampleConsumer: class org.apache.jmeter.report.processor.graph.impl.LatencyOverTimeGraphConsumer#stopProducing(): latenciesOverTime produced 0 samples
2022-08-18 13:27:16,193 INFO o.a.j.r.p.AbstractSampleConsumer: class org.apache.jmeter.report.processor.FilterConsumer#stopProducing(): nameFilter produced 5175 samples
2022-08-18 13:27:16,193 INFO o.a.j.r.p.AbstractSampleConsumer: class org.apache.jmeter.report.processor.FilterConsumer#stopProducing(): dateRangeFilter produced 1035 samples
2022-08-18 13:27:16,193 INFO o.a.j.r.p.AbstractSampleConsumer: class org.apache.jmeter.report.processor.NormalizerSampleConsumer#stopProducing(): normalizer produced 345 samples
2022-08-18 13:27:16,194 INFO o.a.j.r.p.CsvFileSampleSource: produce(): 345 samples produced in 590ms on channel 0
2022-08-18 13:27:16,194 INFO o.a.j.r.d.ReportGenerator: Exporting data using exporter:'json' of className:'org.apache.jmeter.report.dashboard.JsonExporter'
2022-08-18 13:27:16,383 INFO o.a.j.r.d.JsonExporter: Found data for consumer statisticsSummary in context
2022-08-18 13:27:16,383 INFO o.a.j.r.d.JsonExporter: Creating statistics for overall
2022-08-18 13:27:16,384 INFO o.a.j.r.d.JsonExporter: Creating statistics for other transactions
2022-08-18 13:27:16,387 INFO o.a.j.r.d.JsonExporter: Checking output folder
2022-08-18 13:27:16,389 INFO o.a.j.r.d.JsonExporter: Writing statistics JSON to C:\Users\002YHZ744\Documents\Full Stack Tester Training\Test\assigment_report\statistics.json
2022-08-18 13:27:16,552 INFO o.a.j.r.d.ReportGenerator: Exporting data using exporter:'html' of className:'org.apache.jmeter.report.dashboard.HtmlTemplateExporter'
2022-08-18 13:27:16,556 INFO o.a.j.r.d.HtmlTemplateExporter: Will generate dashboard in folder: C:\Users\002YHZ744\Documents\Full Stack Tester Training\Test\assigment_report
2022-08-18 13:27:17,308 INFO o.a.j.r.d.HtmlTemplateExporter: Report will be generated in: C:\Users\002YHZ744\Documents\Full Stack Tester Training\Test\assigment_report, creating folder structure
2022-08-18 13:27:17,315 INFO o.a.j.r.d.TemplateVisitor: Copying folder from 'C:\Users\002YHZ744\Documents\Full Stack Tester Training\00.Softwares\Module2\apache-jmeter-5.5\apache-jmeter-5.5\bin\report-template' to 'C:\Users\002YHZ744\Documents\Full Stack Tester Training\Test\assigment_report', got message: C:\Users\002YHZ744\Documents\Full Stack Tester Training\Test\assigment_report, found non empty folder with following content [C:\Users\002YHZ744\Documents\Full Stack Tester Training\Test\assigment_report\statistics.json], will be ignored
